===== GPU 1 / fern / 2026年 07月 13日 星期一 15:51:06 CST =====
{
  "checkpoint_exists": true,
  "failure_reason": "",
  "gpu": 1,
  "gt_count": 3,
  "iteration": 10000,
  "metrics": {
    "lpips": 0.43222035964330036,
    "psnr": 15.708989779154459,
    "ssim": 0.49294573068618774
  },
  "metrics_exists": true,
  "pointcloud": {
    "bbox_max": [
      138.2183074951172,
      37.13993835449219,
      242.73947143554688
    ],
    "bbox_min": [
      -41.79836654663086,
      -41.189918518066406,
      14.732002258300781
    ],
    "path": "/data1/liuly/FSGS_LLFF/author_preprocessed/nerf_llff_data/fern/3_views/dense/fused.ply",
    "properties": [
      "x",
      "y",
      "z",
      "nx",
      "ny",
      "nz",
      "red",
      "green",
      "blue"
    ],
    "sha256": "2e11c2e8160aa4818e2edbfa39d2f2a564c46aa4596ae356642bdf276e3e4447",
    "source_kind": "author_fused_ply",
    "vertex_count": 16828
  },
  "prepared_complete": true,
  "protocol_fingerprint_matches": true,
  "render_count": 3,
  "render_exists": true,
  "resolution": "1_8",
  "scene": "fern",
  "smoke_certification": {
    "certified_at": "2026-07-13T07:57:34.426187+00:00",
    "checks": {
      "all_stage_records_complete": true,
      "checkpoint_complete": true,
      "exact_train_test_counts": true,
      "no_network_download": true,
      "no_oom": true,
      "no_traceback": true,
      "prepared_complete": true,
      "protocol_fingerprint_matches": true,
      "render_complete": true,
      "shared_eval_complete": true,
      "test_cameras_deferred": true,
      "train_command_exact": true,
      "training_logged_three_views": true
    },
    "runner_sha256": "352fd387ee905ce14a2c19d4c55bbe6061f93cab10a55decd5bf73a2639a185a",
    "version": 2
  },
  "smoke_gate_passed": true,
  "stages": {
    "eval": {
      "command": "CUDA_VISIBLE_DEVICES=1 REFGS_PHYSICAL_GPU=1 /home/liuly/anaconda3/envs/ref_gs/bin/python /home/liuly/Surface_Reconstruction/Glossy/Ref-GS/scripts/evaluate_refgs_llff.py --model-path /data1/liuly/RefGS_LLFF/output/llff_sparse/1_8/fern --iteration 10000 --manifest /data1/liuly/RefGS_LLFF/prepared/1_8/fern/refgs_llff_manifest.json",
      "competing_compute_processes": [],
      "cuda_probe": {
        "cuda_available": true,
        "cuda_visible_devices": "1",
        "current_device": 0,
        "device_count": 1,
        "gpu_name": "NVIDIA RTX A5000",
        "passes": true,
        "physical_gpu": "1",
        "returncode": 0,
        "stderr": ""
      },
      "cuda_visible_devices": "1",
      "elapsed_seconds": 8.832585353869945,
      "failure_reason": "",
      "gpu_before": {
        "memory_free_mib": 24244,
        "memory_used_mib": 3,
        "name": "NVIDIA RTX A5000",
        "physical_index": 1,
        "utilization_percent": 0
      },
      "peak_increment_mib": 1826,
      "peak_memory_used_mib": 1829,
      "physical_gpu": 1,
      "returncode": 0,
      "stage": "eval",
      "status": "completed"
    },
    "prepare": {
      "skipped_existing": true,
      "stage": "prepare",
      "status": "completed"
    },
    "render": {
      "command": "CUDA_VISIBLE_DEVICES=1 REFGS_PHYSICAL_GPU=1 /home/liuly/anaconda3/envs/ref_gs/bin/python /home/liuly/Surface_Reconstruction/Glossy/Ref-GS/render.py -s /data1/liuly/RefGS_LLFF/prepared/1_8/fern -m /data1/liuly/RefGS_LLFF/output/llff_sparse/1_8/fern --iteration 10000 --renderer refgs --image-key pbr_rgb --skip_train",
      "competing_compute_processes": [],
      "cuda_probe": {
        "cuda_available": true,
        "cuda_visible_devices": "1",
        "current_device": 0,
        "device_count": 1,
        "gpu_name": "NVIDIA RTX A5000",
        "passes": true,
        "physical_gpu": "1",
        "returncode": 0,
        "stderr": ""
      },
      "cuda_visible_devices": "1",
      "elapsed_seconds": 5.607013707049191,
      "failure_reason": "",
      "gpu_before": {
        "memory_free_mib": 24244,
        "memory_used_mib": 3,
        "name": "NVIDIA RTX A5000",
        "physical_index": 1,
        "utilization_percent": 0
      },
      "peak_increment_mib": 1124,
      "peak_memory_used_mib": 1127,
      "physical_gpu": 1,
      "returncode": 0,
      "stage": "render",
      "status": "completed"
    },
    "train": {
      "command": "CUDA_VISIBLE_DEVICES=1 REFGS_PHYSICAL_GPU=1 /home/liuly/anaconda3/envs/ref_gs/bin/python /home/liuly/Surface_Reconstruction/Glossy/Ref-GS/train.py -s /data1/liuly/RefGS_LLFF/prepared/1_8/fern -m /data1/liuly/RefGS_LLFF/output/llff_sparse/1_8/fern --eval --iterations 10000 --save_iterations 5000 10000",
      "competing_compute_processes": [],
      "cuda_probe": {
        "cuda_available": true,
        "cuda_visible_devices": "1",
        "current_device": 0,
        "device_count": 1,
        "gpu_name": "NVIDIA RTX A5000",
        "passes": true,
        "physical_gpu": "1",
        "returncode": 0,
        "stderr": ""
      },
      "cuda_visible_devices": "1",
      "elapsed_seconds": 370.5873355420772,
      "failure_reason": "",
      "gpu_before": {
        "memory_free_mib": 24244,
        "memory_used_mib": 3,
        "name": "NVIDIA RTX A5000",
        "physical_index": 1,
        "utilization_percent": 0
      },
      "peak_increment_mib": 18022,
      "peak_memory_used_mib": 18025,
      "physical_gpu": 1,
      "returncode": 0,
      "stage": "train",
      "status": "completed"
    }
  },
  "status": "completed",
  "test_images": [
    "IMG_4026.JPG",
    "IMG_4034.JPG",
    "IMG_4042.JPG"
  ],
  "train_images": [
    "IMG_4027.JPG",
    "IMG_4036.JPG",
    "IMG_4045.JPG"
  ]
}
===== GPU 1 / fortress / 2026年 07月 13日 星期一 15:57:34 CST =====
{
  "checkpoint_exists": true,
  "failure_reason": "",
  "gpu": 1,
  "gt_count": 6,
  "iteration": 10000,
  "metrics": {
    "lpips": 0.2703735480705897,
    "psnr": 18.48803408940633,
    "ssim": 0.583980123202006
  },
  "metrics_exists": true,
  "pointcloud": {
    "bbox_max": [
      18.637086868286133,
      19.631912231445312,
      78.97813415527344
    ],
    "bbox_min": [
      -25.382707595825195,
      -21.65564727783203,
      13.29910659790039
    ],
    "path": "/data1/liuly/FSGS_LLFF/author_preprocessed/nerf_llff_data/fortress/3_views/dense/fused.ply",
    "properties": [
      "x",
      "y",
      "z",
      "nx",
      "ny",
      "nz",
      "red",
      "green",
      "blue"
    ],
    "sha256": "f176f344673c993ca8d7d03eb40f22dbf3482f93a7870ff897821826f29a2680",
    "source_kind": "author_fused_ply",
    "vertex_count": 12006
  },
  "prepared_complete": true,
  "protocol_fingerprint_matches": true,
  "render_count": 6,
  "render_exists": true,
  "resolution": "1_8",
  "scene": "fortress",
  "smoke_gate_passed": true,
  "stages": {
    "eval": {
      "command": "CUDA_VISIBLE_DEVICES=1 REFGS_PHYSICAL_GPU=1 /home/liuly/anaconda3/envs/ref_gs/bin/python /home/liuly/Surface_Reconstruction/Glossy/Ref-GS/scripts/evaluate_refgs_llff.py --model-path /data1/liuly/RefGS_LLFF/output/llff_sparse/1_8/fortress --iteration 10000 --manifest /data1/liuly/RefGS_LLFF/prepared/1_8/fortress/refgs_llff_manifest.json",
      "competing_compute_processes": [],
      "cuda_probe": {
        "cuda_available": true,
        "cuda_visible_devices": "1",
        "current_device": 0,
        "device_count": 1,
        "gpu_name": "NVIDIA RTX A5000",
        "passes": true,
        "physical_gpu": "1",
        "returncode": 0,
        "stderr": ""
      },
      "cuda_visible_devices": "1",
      "elapsed_seconds": 12.193493013037369,
      "failure_reason": "",
      "gpu_before": {
        "memory_free_mib": 24244,
        "memory_used_mib": 3,
        "name": "NVIDIA RTX A5000",
        "physical_index": 1,
        "utilization_percent": 0
      },
      "peak_increment_mib": 1826,
      "peak_memory_used_mib": 1829,
      "physical_gpu": 1,
      "returncode": 0,
      "stage": "eval",
      "status": "completed"
    },
    "prepare": {
      "skipped_existing": true,
      "stage": "prepare",
      "status": "completed"
    },
    "render": {
      "command": "CUDA_VISIBLE_DEVICES=1 REFGS_PHYSICAL_GPU=1 /home/liuly/anaconda3/envs/ref_gs/bin/python /home/liuly/Surface_Reconstruction/Glossy/Ref-GS/render.py -s /data1/liuly/RefGS_LLFF/prepared/1_8/fortress -m /data1/liuly/RefGS_LLFF/output/llff_sparse/1_8/fortress --iteration 10000 --renderer refgs --image-key pbr_rgb --skip_train",
      "competing_compute_processes": [],
      "cuda_probe": {
        "cuda_available": true,
        "cuda_visible_devices": "1",
        "current_device": 0,
        "device_count": 1,
        "gpu_name": "NVIDIA RTX A5000",
        "passes": true,
        "physical_gpu": "1",
        "returncode": 0,
        "stderr": ""
      },
      "cuda_visible_devices": "1",
      "elapsed_seconds": 5.497266599908471,
      "failure_reason": "",
      "gpu_before": {
        "memory_free_mib": 24244,
        "memory_used_mib": 3,
        "name": "NVIDIA RTX A5000",
        "physical_index": 1,
        "utilization_percent": 0
      },
      "peak_increment_mib": 2884,
      "peak_memory_used_mib": 2887,
      "physical_gpu": 1,
      "returncode": 0,
      "stage": "render",
      "status": "completed"
    },
    "train": {
      "command": "CUDA_VISIBLE_DEVICES=1 REFGS_PHYSICAL_GPU=1 /home/liuly/anaconda3/envs/ref_gs/bin/python /home/liuly/Surface_Reconstruction/Glossy/Ref-GS/train.py -s /data1/liuly/RefGS_LLFF/prepared/1_8/fortress -m /data1/liuly/RefGS_LLFF/output/llff_sparse/1_8/fortress --eval --iterations 10000 --save_iterations 5000 10000",
      "competing_compute_processes": [],
      "cuda_probe": {
        "cuda_available": true,
        "cuda_visible_devices": "1",
        "current_device": 0,
        "device_count": 1,
        "gpu_name": "NVIDIA RTX A5000",
        "passes": true,
        "physical_gpu": "1",
        "returncode": 0,
        "stderr": ""
      },
      "cuda_visible_devices": "1",
      "elapsed_seconds": 378.84128499007784,
      "failure_reason": "",
      "gpu_before": {
        "memory_free_mib": 24244,
        "memory_used_mib": 3,
        "name": "NVIDIA RTX A5000",
        "physical_index": 1,
        "utilization_percent": 0
      },
      "peak_increment_mib": 24188,
      "peak_memory_used_mib": 24191,
      "physical_gpu": 1,
      "returncode": 0,
      "stage": "train",
      "status": "completed"
    }
  },
  "status": "completed",
  "test_images": [
    "IMG_1800.JPG",
    "IMG_1808.JPG",
    "IMG_1816.JPG",
    "IMG_1824.JPG",
    "IMG_1832.JPG",
    "IMG_1840.JPG"
  ],
  "train_images": [
    "IMG_1801.JPG",
    "IMG_1821.JPG",
    "IMG_1841.JPG"
  ]
}
===== GPU 1 / leaves / 2026年 07月 13日 星期一 16:04:14 CST =====
only horns 1/8 on physical GPU 2 may run before the smoke gate
leaves returncode=2
===== GPU 1 / room / 2026年 07月 13日 星期一 16:04:14 CST =====
only horns 1/8 on physical GPU 2 may run before the smoke gate
room returncode=2
